<?xml version="1.0" encoding="UTF-8"?>
<testng-results ignored="0" total="1" passed="1" failed="0" skipped="0">
  <reporter-output>
  </reporter-output>
  <suite started-at="2024-10-07T14:29:05 EDT" name="Default suite" finished-at="2024-10-07T14:29:23 EDT" duration-ms="17562">
    <groups>
      <group name="cucumber">
        <method signature="AbstractTestNGCucumberTests.runScenario(io.cucumber.testng.PickleWrapper,io.cucumber.testng.FeatureWrapper)[pri:0, instance:cucumber.TestNGTestRunner@37271612]" name="runScenario" class="io.cucumber.testng.AbstractTestNGCucumberTests"/>
      </group> <!-- cucumber -->
    </groups>
    <test started-at="2024-10-07T14:29:05 EDT" name="Default test" finished-at="2024-10-07T14:29:23 EDT" duration-ms="17562">
      <class name="cucumber.TestNGTestRunner">
        <test-method is-config="true" signature="setUpClass(org.testng.ITestContext)[pri:0, instance:cucumber.TestNGTestRunner@37271612]" started-at="2024-10-07T14:29:05 EDT" name="setUpClass" finished-at="2024-10-07T14:29:06 EDT" duration-ms="490" status="PASS">
          <params>
            <param index="0">
              <value>
                <![CDATA[org.testng.TestRunner@7c20cdd0]]>
              </value>
            </param>
          </params>
          <reporter-output>
          </reporter-output>
        </test-method> <!-- setUpClass -->
        <test-method signature="runScenario(io.cucumber.testng.PickleWrapper,io.cucumber.testng.FeatureWrapper)[pri:0, instance:cucumber.TestNGTestRunner@37271612]" started-at="2024-10-07T14:29:06 EDT" name="runScenario" description="Runs Cucumber Scenarios" data-provider="scenarios" finished-at="2024-10-07T14:29:23 EDT" duration-ms="16916" status="PASS">
          <params>
            <param index="0">
              <value>
                <![CDATA["Add the element by clicking the button Add Element"]]>
              </value>
            </param>
            <param index="1">
              <value>
                <![CDATA["Add the element by clicking the Add Element button"]]>
              </value>
            </param>
          </params>
          <reporter-output>
          </reporter-output>
        </test-method> <!-- runScenario -->
        <test-method is-config="true" signature="tearDownClass()[pri:0, instance:cucumber.TestNGTestRunner@37271612]" started-at="2024-10-07T14:29:23 EDT" name="tearDownClass" finished-at="2024-10-07T14:29:23 EDT" duration-ms="86" status="PASS">
          <reporter-output>
          </reporter-output>
        </test-method> <!-- tearDownClass -->
      </class> <!-- cucumber.TestNGTestRunner -->
    </test> <!-- Default test -->
  </suite> <!-- Default suite -->
</testng-results>
